<?xml version="1.0" encoding="UTF-8"?>
<!-- Generated by org.testng.reporters.JUnitXMLReporter -->
<testsuite ignored="0" hostname="Chandan" failures="0" tests="4" name="Test" time="34.495" errors="0" timestamp="2023-05-18T06:58:28 IST">
  <testcase classname="com.testng.FirstTest" name="openBrowser" time="3.699"/>
  <testcase classname="com.testng.FirstTest" name="enterUserName" time="0.451"/>
  <testcase classname="com.testng.FirstTest2" name="openBrowser" time="16.461"/>
  <testcase classname="com.testng.FirstTest2" name="enterUserName" time="0.668"/>
</testsuite> <!-- Test -->
