<?xml version="1.0" encoding="UTF-8"?>
<testng-results ignored="0" total="2" passed="2" failed="0" skipped="0">
  <reporter-output>
  </reporter-output>
  <suite started-at="2023-05-19T07:21:36 IST" name="Default suite" finished-at="2023-05-19T07:21:37 IST" duration-ms="90">
    <groups>
    </groups>
    <test started-at="2023-05-19T07:21:36 IST" name="Default test" finished-at="2023-05-19T07:21:37 IST" duration-ms="90">
      <class name="com.testng.TestNgDataProviderTest">
        <test-method signature="testDP(java.lang.String,java.lang.String)[pri:0, instance:com.testng.TestNgDataProviderTest@71d44a3]" started-at="2023-05-19T07:21:36 IST" name="testDP" data-provider="testdata" finished-at="2023-05-19T07:21:37 IST" duration-ms="16" status="PASS">
          <params>
            <param index="0">
              <value>
                <![CDATA[mgr123]]>
              </value>
            </param>
            <param index="1">
              <value>
                <![CDATA[mgr!23]]>
              </value>
            </param>
          </params>
          <reporter-output>
          </reporter-output>
        </test-method> <!-- testDP -->
        <test-method signature="testDP(java.lang.String,java.lang.String)[pri:0, instance:com.testng.TestNgDataProviderTest@71d44a3]" started-at="2023-05-19T07:21:37 IST" name="testDP" data-provider="testdata" finished-at="2023-05-19T07:21:37 IST" duration-ms="2" status="PASS">
          <params>
            <param index="0">
              <value>
                <![CDATA[mgr124]]>
              </value>
            </param>
            <param index="1">
              <value>
                <![CDATA[mgr!21]]>
              </value>
            </param>
          </params>
          <reporter-output>
          </reporter-output>
        </test-method> <!-- testDP -->
      </class> <!-- com.testng.TestNgDataProviderTest -->
    </test> <!-- Default test -->
  </suite> <!-- Default suite -->
</testng-results>
